<?xml version="1.0" encoding="UTF-8"?>
<!-- Generated by org.testng.reporters.JUnitXMLReporter -->
<testsuite ignored="1" hostname="Harneets-MacBook-Pro.local" failures="0" tests="1" name="Default test" time="3.145" errors="0" timestamp="2024-04-08T13:31:41 EDT">
  <testcase classname="org.techArk.login.ValidateLoginAPI_Functionality" name="validateLoginWithInValidCredentials" time="2.355"/>
  <testcase classname="org.techArk.login.ValidateLoginAPI_Functionality" name="validateLoginWithValidCredentials" time="0.0">
    <ignored/>
  </testcase> <!-- validateLoginWithValidCredentials -->
</testsuite> <!-- Default test -->
