<?xml version="1.0" encoding="UTF-8"?>
<!-- Generated by org.testng.reporters.JUnitXMLReporter -->
<testsuite ignored="0" hostname="Harneets-MacBook-Pro.local" failures="0" tests="2" name="Login functionality" time="6.305" errors="0" timestamp="2024-04-09T15:21:06 EDT">
  <testcase classname="org.techArk.login.ValidateLoginAPI_Functionality" name="validateLoginWithValidCredentials" time="4.691"/>
  <testcase classname="org.techArk.login.ValidateLoginAPI_Functionality" name="validateLoginWithInValidCredentials" time="0.272"/>
</testsuite> <!-- Login functionality -->
