<?xml version="1.0" encoding="UTF-8"?>
<!-- Generated by org.testng.reporters.JUnitXMLReporter -->
<testsuite ignored="1" hostname="Harneets-MacBook-Pro.local" failures="0" tests="6" name="Test" time="31.178" errors="0" timestamp="2024-04-08T15:45:42 EDT">
  <testcase classname="org.techArk.login.ValidateLoginAPI_Functionality" name="validateLoginWithValidCredentials" time="2.518"/>
  <testcase classname="org.techArk.login.ValidateLoginAPI_Functionality" name="validateLoginWithInValidCredentials" time="0.295"/>
  <testcase classname="org.techArk.addDataAndDeleteData.ValidateDeleteData_Functionality" name="validateAddDataFunctionality" time="0.416"/>
  <testcase classname="org.techArk.addDataAndDeleteData.ValidateDeleteData_Functionality" name="validateAddedDataInGetData" time="12.711"/>
  <testcase classname="org.techArk.addDataAndDeleteData.ValidateDeleteData_Functionality" name="validateDeleteData" time="0.285"/>
  <testcase classname="org.techArk.addDataAndDeleteData.ValidateDeleteData_Functionality" name="validateDeletedDataInGetData" time="13.817"/>
  <testcase classname="org.techArk.utils.BaseTest" name="@BeforeSuite beforeSuite" time="0.0">
    <ignored/>
  </testcase> <!-- @BeforeSuite beforeSuite -->
</testsuite> <!-- Test -->
