<?xml version="1.0" encoding="UTF-8"?>
<!-- Generated by org.testng.reporters.JUnitXMLReporter -->
<testsuite ignored="1" hostname="Harneets-MBP" failures="0" tests="6" name="Test" time="22.974" errors="0" timestamp="2024-06-17T10:13:53 EDT">
  <testcase classname="org.techArk.login.ValidateLoginAPI_Functionality" name="validateLoginWithValidCredentials" time="2.646"/>
  <testcase classname="org.techArk.login.ValidateLoginAPI_Functionality" name="validateLoginWithInValidCredentials" time="0.172"/>
  <testcase classname="org.techArk.addDataAndDeleteData.ValidateDeleteData_Functionality" name="validateAddDataFunctionality" time="1.893"/>
  <testcase classname="org.techArk.addDataAndDeleteData.ValidateDeleteData_Functionality" name="validateAddedDataInGetData" time="4.475"/>
  <testcase classname="org.techArk.addDataAndDeleteData.ValidateDeleteData_Functionality" name="validateDeleteData" time="1.858"/>
  <testcase classname="org.techArk.addDataAndDeleteData.ValidateDeleteData_Functionality" name="validateDeletedDataInGetData" time="11.115"/>
  <testcase classname="org.techArk.utils.BaseTest" name="@BeforeSuite beforeSuite" time="0.0">
    <ignored/>
  </testcase> <!-- @BeforeSuite beforeSuite -->
</testsuite> <!-- Test -->
