<?xml version="1.0" encoding="UTF-8"?>
<testng-results ignored="1" total="7" passed="6" failed="0" skipped="0">
  <reporter-output>
  </reporter-output>
  <suite started-at="2024-04-08T15:45:11 EDT" name="Suite" finished-at="2024-04-08T15:45:42 EDT" duration-ms="31178">
    <groups>
    </groups>
    <test started-at="2024-04-08T15:45:11 EDT" name="Test" finished-at="2024-04-08T15:45:42 EDT" duration-ms="31178">
      <class name="org.techArk.login.ValidateLoginAPI_Functionality">
        <test-method is-config="true" signature="beforeSuite()[pri:0, instance:org.techArk.login.ValidateLoginAPI_Functionality@68c72235]" started-at="2024-04-08T15:45:11 EDT" name="beforeSuite" finished-at="2024-04-08T15:45:11 EDT" duration-ms="13" status="PASS">
          <reporter-output>
          </reporter-output>
        </test-method> <!-- beforeSuite -->
        <test-method is-config="true" signature="beforeClass()[pri:0, instance:org.techArk.login.ValidateLoginAPI_Functionality@68c72235]" started-at="2024-04-08T15:45:11 EDT" name="beforeClass" finished-at="2024-04-08T15:45:12 EDT" duration-ms="780" status="PASS">
          <reporter-output>
          </reporter-output>
        </test-method> <!-- beforeClass -->
        <test-method signature="validateLoginWithValidCredentials()[pri:0, instance:org.techArk.login.ValidateLoginAPI_Functionality@68c72235]" started-at="2024-04-08T15:45:12 EDT" name="validateLoginWithValidCredentials" description="validate login functionality with valid credentials" finished-at="2024-04-08T15:45:14 EDT" duration-ms="2518" status="PASS">
          <reporter-output>
          </reporter-output>
        </test-method> <!-- validateLoginWithValidCredentials -->
        <test-method signature="validateLoginWithInValidCredentials()[pri:1, instance:org.techArk.login.ValidateLoginAPI_Functionality@68c72235]" started-at="2024-04-08T15:45:14 EDT" name="validateLoginWithInValidCredentials" description="validate login functionality with invalid credentials" finished-at="2024-04-08T15:45:15 EDT" duration-ms="295" status="PASS">
          <reporter-output>
          </reporter-output>
        </test-method> <!-- validateLoginWithInValidCredentials -->
      </class> <!-- org.techArk.login.ValidateLoginAPI_Functionality -->
      <class name="org.techArk.addDataAndDeleteData.ValidateDeleteData_Functionality">
        <test-method is-config="true" signature="beforeClass()[pri:0, instance:org.techArk.addDataAndDeleteData.ValidateDeleteData_Functionality@2e55dd0c]" started-at="2024-04-08T15:45:15 EDT" name="beforeClass" finished-at="2024-04-08T15:45:15 EDT" duration-ms="290" status="PASS">
          <reporter-output>
          </reporter-output>
        </test-method> <!-- beforeClass -->
        <test-method signature="validateAddDataFunctionality()[pri:0, instance:org.techArk.addDataAndDeleteData.ValidateDeleteData_Functionality@2e55dd0c]" started-at="2024-04-08T15:45:15 EDT" name="validateAddDataFunctionality" description="validate add data functionality" finished-at="2024-04-08T15:45:15 EDT" duration-ms="416" status="PASS">
          <reporter-output>
          </reporter-output>
        </test-method> <!-- validateAddDataFunctionality -->
        <test-method signature="validateAddedDataInGetData()[pri:1, instance:org.techArk.addDataAndDeleteData.ValidateDeleteData_Functionality@2e55dd0c]" started-at="2024-04-08T15:45:15 EDT" name="validateAddedDataInGetData" description="validate added data in the get data object" finished-at="2024-04-08T15:45:28 EDT" depends-on-methods="org.techArk.addDataAndDeleteData.ValidateDeleteData_Functionality.validateAddDataFunctionality" duration-ms="12711" status="PASS">
          <reporter-output>
          </reporter-output>
        </test-method> <!-- validateAddedDataInGetData -->
        <test-method signature="validateDeleteData()[pri:2, instance:org.techArk.addDataAndDeleteData.ValidateDeleteData_Functionality@2e55dd0c]" started-at="2024-04-08T15:45:28 EDT" name="validateDeleteData" description="delete data functionality" finished-at="2024-04-08T15:45:28 EDT" depends-on-methods="org.techArk.addDataAndDeleteData.ValidateDeleteData_Functionality.validateAddDataFunctionality" duration-ms="285" status="PASS">
          <reporter-output>
          </reporter-output>
        </test-method> <!-- validateDeleteData -->
        <test-method signature="validateDeletedDataInGetData()[pri:3, instance:org.techArk.addDataAndDeleteData.ValidateDeleteData_Functionality@2e55dd0c]" started-at="2024-04-08T15:45:28 EDT" name="validateDeletedDataInGetData" description="validate deleted data in the get data object" finished-at="2024-04-08T15:45:42 EDT" depends-on-methods="org.techArk.addDataAndDeleteData.ValidateDeleteData_Functionality.validateDeleteData" duration-ms="13817" status="PASS">
          <reporter-output>
          </reporter-output>
        </test-method> <!-- validateDeletedDataInGetData -->
      </class> <!-- org.techArk.addDataAndDeleteData.ValidateDeleteData_Functionality -->
    </test> <!-- Test -->
  </suite> <!-- Suite -->
</testng-results>
