<?xml version="1.0" encoding="UTF-8"?>
<testng-results ignored="1" total="7" passed="6" failed="0" skipped="0">
  <reporter-output>
  </reporter-output>
  <suite started-at="2024-06-17T10:13:29 EDT" name="Suite" finished-at="2024-06-17T10:13:52 EDT" duration-ms="22974">
    <groups>
    </groups>
    <test started-at="2024-06-17T10:13:29 EDT" name="Test" finished-at="2024-06-17T10:13:52 EDT" duration-ms="22974">
      <class name="org.techArk.login.ValidateLoginAPI_Functionality">
        <test-method is-config="true" signature="beforeSuite()[pri:0, instance:org.techArk.login.ValidateLoginAPI_Functionality@71b1176b]" started-at="2024-06-17T10:13:29 EDT" name="beforeSuite" finished-at="2024-06-17T10:13:29 EDT" duration-ms="4" status="PASS">
          <reporter-output>
          </reporter-output>
        </test-method> <!-- beforeSuite -->
        <test-method is-config="true" signature="beforeClass()[pri:0, instance:org.techArk.login.ValidateLoginAPI_Functionality@71b1176b]" started-at="2024-06-17T10:13:29 EDT" name="beforeClass" finished-at="2024-06-17T10:13:29 EDT" duration-ms="184" status="PASS">
          <reporter-output>
          </reporter-output>
        </test-method> <!-- beforeClass -->
        <test-method signature="validateLoginWithValidCredentials()[pri:0, instance:org.techArk.login.ValidateLoginAPI_Functionality@71b1176b]" started-at="2024-06-17T10:13:29 EDT" name="validateLoginWithValidCredentials" description="validate login functionality with valid credentials" finished-at="2024-06-17T10:13:32 EDT" duration-ms="2646" status="PASS">
          <reporter-output>
          </reporter-output>
        </test-method> <!-- validateLoginWithValidCredentials -->
        <test-method signature="validateLoginWithInValidCredentials()[pri:1, instance:org.techArk.login.ValidateLoginAPI_Functionality@71b1176b]" started-at="2024-06-17T10:13:32 EDT" name="validateLoginWithInValidCredentials" description="validate login functionality with invalid credentials" finished-at="2024-06-17T10:13:32 EDT" duration-ms="172" status="PASS">
          <reporter-output>
          </reporter-output>
        </test-method> <!-- validateLoginWithInValidCredentials -->
      </class> <!-- org.techArk.login.ValidateLoginAPI_Functionality -->
      <class name="org.techArk.addDataAndDeleteData.ValidateDeleteData_Functionality">
        <test-method is-config="true" signature="beforeClass()[pri:0, instance:org.techArk.addDataAndDeleteData.ValidateDeleteData_Functionality@1677d1]" started-at="2024-06-17T10:13:32 EDT" name="beforeClass" finished-at="2024-06-17T10:13:32 EDT" duration-ms="281" status="PASS">
          <reporter-output>
          </reporter-output>
        </test-method> <!-- beforeClass -->
        <test-method signature="validateAddDataFunctionality()[pri:0, instance:org.techArk.addDataAndDeleteData.ValidateDeleteData_Functionality@1677d1]" started-at="2024-06-17T10:13:32 EDT" name="validateAddDataFunctionality" description="validate add data functionality" finished-at="2024-06-17T10:13:34 EDT" duration-ms="1893" status="PASS">
          <reporter-output>
          </reporter-output>
        </test-method> <!-- validateAddDataFunctionality -->
        <test-method signature="validateAddedDataInGetData()[pri:1, instance:org.techArk.addDataAndDeleteData.ValidateDeleteData_Functionality@1677d1]" started-at="2024-06-17T10:13:34 EDT" name="validateAddedDataInGetData" description="validate added data in the get data object" finished-at="2024-06-17T10:13:39 EDT" depends-on-methods="org.techArk.addDataAndDeleteData.ValidateDeleteData_Functionality.validateAddDataFunctionality" duration-ms="4475" status="PASS">
          <reporter-output>
          </reporter-output>
        </test-method> <!-- validateAddedDataInGetData -->
        <test-method signature="validateDeleteData()[pri:2, instance:org.techArk.addDataAndDeleteData.ValidateDeleteData_Functionality@1677d1]" started-at="2024-06-17T10:13:39 EDT" name="validateDeleteData" description="delete data functionality" finished-at="2024-06-17T10:13:41 EDT" depends-on-methods="org.techArk.addDataAndDeleteData.ValidateDeleteData_Functionality.validateAddDataFunctionality" duration-ms="1858" status="PASS">
          <reporter-output>
          </reporter-output>
        </test-method> <!-- validateDeleteData -->
        <test-method signature="validateDeletedDataInGetData()[pri:3, instance:org.techArk.addDataAndDeleteData.ValidateDeleteData_Functionality@1677d1]" started-at="2024-06-17T10:13:41 EDT" name="validateDeletedDataInGetData" description="validate deleted data in the get data object" finished-at="2024-06-17T10:13:52 EDT" depends-on-methods="org.techArk.addDataAndDeleteData.ValidateDeleteData_Functionality.validateDeleteData" duration-ms="11115" status="PASS">
          <reporter-output>
          </reporter-output>
        </test-method> <!-- validateDeletedDataInGetData -->
      </class> <!-- org.techArk.addDataAndDeleteData.ValidateDeleteData_Functionality -->
    </test> <!-- Test -->
  </suite> <!-- Suite -->
</testng-results>
