<?xml version="1.0" encoding="UTF-8"?>
<testng-results ignored="1" total="7" passed="6" failed="0" skipped="0">
  <reporter-output>
  </reporter-output>
  <suite started-at="2024-04-08T15:48:23 EDT" name="Suite" finished-at="2024-04-08T15:48:53 EDT" duration-ms="29915">
    <groups>
    </groups>
    <test started-at="2024-04-08T15:48:23 EDT" name="Test" finished-at="2024-04-08T15:48:53 EDT" duration-ms="29915">
      <class name="org.techArk.login.ValidateLoginAPI_Functionality">
        <test-method is-config="true" signature="beforeSuite()[pri:0, instance:org.techArk.login.ValidateLoginAPI_Functionality@1c5920df]" started-at="2024-04-08T15:48:23 EDT" name="beforeSuite" finished-at="2024-04-08T15:48:23 EDT" duration-ms="10" status="PASS">
          <reporter-output>
          </reporter-output>
        </test-method> <!-- beforeSuite -->
        <test-method is-config="true" signature="beforeClass()[pri:0, instance:org.techArk.login.ValidateLoginAPI_Functionality@1c5920df]" started-at="2024-04-08T15:48:23 EDT" name="beforeClass" finished-at="2024-04-08T15:48:24 EDT" duration-ms="692" status="PASS">
          <reporter-output>
          </reporter-output>
        </test-method> <!-- beforeClass -->
        <test-method signature="validateLoginWithValidCredentials()[pri:0, instance:org.techArk.login.ValidateLoginAPI_Functionality@1c5920df]" started-at="2024-04-08T15:48:24 EDT" name="validateLoginWithValidCredentials" description="validate login functionality with valid credentials" finished-at="2024-04-08T15:48:26 EDT" duration-ms="2276" status="PASS">
          <reporter-output>
          </reporter-output>
        </test-method> <!-- validateLoginWithValidCredentials -->
        <test-method signature="validateLoginWithInValidCredentials()[pri:1, instance:org.techArk.login.ValidateLoginAPI_Functionality@1c5920df]" started-at="2024-04-08T15:48:26 EDT" name="validateLoginWithInValidCredentials" description="validate login functionality with invalid credentials" finished-at="2024-04-08T15:48:27 EDT" duration-ms="317" status="PASS">
          <reporter-output>
          </reporter-output>
        </test-method> <!-- validateLoginWithInValidCredentials -->
      </class> <!-- org.techArk.login.ValidateLoginAPI_Functionality -->
      <class name="org.techArk.addDataAndDeleteData.ValidateDeleteData_Functionality">
        <test-method is-config="true" signature="beforeClass()[pri:0, instance:org.techArk.addDataAndDeleteData.ValidateDeleteData_Functionality@d737b89]" started-at="2024-04-08T15:48:27 EDT" name="beforeClass" finished-at="2024-04-08T15:48:27 EDT" duration-ms="280" status="PASS">
          <reporter-output>
          </reporter-output>
        </test-method> <!-- beforeClass -->
        <test-method signature="validateAddDataFunctionality()[pri:0, instance:org.techArk.addDataAndDeleteData.ValidateDeleteData_Functionality@d737b89]" started-at="2024-04-08T15:48:27 EDT" name="validateAddDataFunctionality" description="validate add data functionality" finished-at="2024-04-08T15:48:28 EDT" duration-ms="426" status="PASS">
          <reporter-output>
          </reporter-output>
        </test-method> <!-- validateAddDataFunctionality -->
        <test-method signature="validateAddedDataInGetData()[pri:1, instance:org.techArk.addDataAndDeleteData.ValidateDeleteData_Functionality@d737b89]" started-at="2024-04-08T15:48:28 EDT" name="validateAddedDataInGetData" description="validate added data in the get data object" finished-at="2024-04-08T15:48:40 EDT" depends-on-methods="org.techArk.addDataAndDeleteData.ValidateDeleteData_Functionality.validateAddDataFunctionality" duration-ms="12701" status="PASS">
          <reporter-output>
          </reporter-output>
        </test-method> <!-- validateAddedDataInGetData -->
        <test-method signature="validateDeleteData()[pri:2, instance:org.techArk.addDataAndDeleteData.ValidateDeleteData_Functionality@d737b89]" started-at="2024-04-08T15:48:40 EDT" name="validateDeleteData" description="delete data functionality" finished-at="2024-04-08T15:48:41 EDT" depends-on-methods="org.techArk.addDataAndDeleteData.ValidateDeleteData_Functionality.validateAddDataFunctionality" duration-ms="267" status="PASS">
          <reporter-output>
          </reporter-output>
        </test-method> <!-- validateDeleteData -->
        <test-method signature="validateDeletedDataInGetData()[pri:3, instance:org.techArk.addDataAndDeleteData.ValidateDeleteData_Functionality@d737b89]" started-at="2024-04-08T15:48:41 EDT" name="validateDeletedDataInGetData" description="validate deleted data in the get data object" finished-at="2024-04-08T15:48:53 EDT" depends-on-methods="org.techArk.addDataAndDeleteData.ValidateDeleteData_Functionality.validateDeleteData" duration-ms="11761" status="PASS">
          <reporter-output>
          </reporter-output>
        </test-method> <!-- validateDeletedDataInGetData -->
      </class> <!-- org.techArk.addDataAndDeleteData.ValidateDeleteData_Functionality -->
    </test> <!-- Test -->
  </suite> <!-- Suite -->
</testng-results>
