<?xml version="1.0" encoding="UTF-8"?>
<testng-results ignored="1" total="2" passed="1" failed="0" skipped="0">
  <reporter-output>
  </reporter-output>
  <suite started-at="2024-04-08T13:31:38 EDT" name="Default suite" finished-at="2024-04-08T13:31:41 EDT" duration-ms="3145">
    <groups>
    </groups>
    <test started-at="2024-04-08T13:31:38 EDT" name="Default test" finished-at="2024-04-08T13:31:41 EDT" duration-ms="3145">
      <class name="org.techArk.login.ValidateLoginAPI_Functionality">
        <test-method is-config="true" signature="beforeSuite()[pri:0, instance:org.techArk.login.ValidateLoginAPI_Functionality@7fee8714]" started-at="2024-04-08T13:31:38 EDT" name="beforeSuite" finished-at="2024-04-08T13:31:38 EDT" duration-ms="7" status="PASS">
          <reporter-output>
          </reporter-output>
        </test-method> <!-- beforeSuite -->
        <test-method is-config="true" signature="beforeClass()[pri:0, instance:org.techArk.login.ValidateLoginAPI_Functionality@7fee8714]" started-at="2024-04-08T13:31:38 EDT" name="beforeClass" finished-at="2024-04-08T13:31:38 EDT" duration-ms="694" status="PASS">
          <reporter-output>
          </reporter-output>
        </test-method> <!-- beforeClass -->
        <test-method signature="validateLoginWithInValidCredentials()[pri:1, instance:org.techArk.login.ValidateLoginAPI_Functionality@7fee8714]" started-at="2024-04-08T13:31:38 EDT" name="validateLoginWithInValidCredentials" description="validate login functionality with invalid credentials" finished-at="2024-04-08T13:31:41 EDT" duration-ms="2355" status="PASS">
          <reporter-output>
          </reporter-output>
        </test-method> <!-- validateLoginWithInValidCredentials -->
      </class> <!-- org.techArk.login.ValidateLoginAPI_Functionality -->
    </test> <!-- Default test -->
  </suite> <!-- Default suite -->
</testng-results>
